# JRE version: Java(TM) SE Runtime Environment (7.0_55-b13) (build 1.7.0_55-b13)
# Java VM: Java HotSpot(TM) 64-Bit Server VM (24.55-b03 mixed mode bsd-amd64 compressed oops)
Heap
 PSYoungGen      total 293376K, used 78998K [0x00000007eaa80000, 0x0000000800000000, 0x0000000800000000)
  eden space 247296K, 14% used [0x00000007eaa80000,0x00000007ece7cdf8,0x00000007f9c00000)
  from space 46080K, 91% used [0x00000007fd300000,0x00000007ffc28c48,0x0000000800000000)
  to   space 51200K, 0% used [0x00000007f9c00000,0x00000007f9c00000,0x00000007fce00000)
 ParOldGen       total 290816K, used 108592K [0x00000007c0000000, 0x00000007d1c00000, 0x00000007eaa80000)
  object space 290816K, 37% used [0x00000007c0000000,0x00000007c6a0c0d0,0x00000007d1c00000)
 PSPermGen       total 118272K, used 99534K [0x00000007b0000000, 0x00000007b7380000, 0x00000007c0000000)
  object space 118272K, 84% used [0x00000007b0000000,0x00000007b6133840,0x00000007b7380000)
GC Heap History (10 events):
Event: 24287.005 GC heap before
{Heap before GC invocations=103 (full 26):
 PSYoungGen      total 299520K, used 251904K [0x00000007eaa80000, 0x00000007ffe80000, 0x0000000800000000)
  eden space 251904K, 100% used [0x00000007eaa80000,0x00000007fa080000,0x00000007fa080000)
  from space 47616K, 0% used [0x00000007fd000000,0x00000007fd000000,0x00000007ffe80000)
  to   space 48128K, 0% used [0x00000007fa080000,0x00000007fa080000,0x00000007fcf80000)
 ParOldGen       total 290816K, used 252239K [0x00000007c0000000, 0x00000007d1c00000, 0x00000007eaa80000)
  object space 290816K, 86% used [0x00000007c0000000,0x00000007cf653e78,0x00000007d1c00000)
 PSPermGen       total 262144K, used 256356K [0x00000007b0000000, 0x00000007c0000000, 0x00000007c0000000)
  object space 262144K, 97% used [0x00000007b0000000,0x00000007bfa59018,0x00000007c0000000)
Event: 24287.081 GC heap after
Heap after GC invocations=103 (full 26):
 PSYoungGen      total 268800K, used 26628K [0x00000007eaa80000, 0x00000007ff280000, 0x0000000800000000)
  eden space 241664K, 0% used [0x00000007eaa80000,0x00000007eaa80000,0x00000007f9680000)
  from space 27136K, 98% used [0x00000007fa080000,0x00000007fba81008,0x00000007fbb00000)
  to   space 47104K, 0% used [0x00000007fc480000,0x00000007fc480000,0x00000007ff280000)
 ParOldGen       total 290816K, used 252239K [0x00000007c0000000, 0x00000007d1c00000, 0x00000007eaa80000)
  object space 290816K, 86% used [0x00000007c0000000,0x00000007cf653e78,0x00000007d1c00000)
 PSPermGen       total 262144K, used 256356K [0x00000007b0000000, 0x00000007c0000000, 0x00000007c0000000)
  object space 262144K, 97% used [0x00000007b0000000,0x00000007bfa59018,0x00000007c0000000)
}
Event: 24287.240 GC heap before
{Heap before GC invocations=104 (full 26):
 PSYoungGen      total 268800K, used 38450K [0x00000007eaa80000, 0x00000007ff280000, 0x0000000800000000)
  eden space 241664K, 4% used [0x00000007eaa80000,0x00000007eb60bbd0,0x00000007f9680000)
  from space 27136K, 98% used [0x00000007fa080000,0x00000007fba81008,0x00000007fbb00000)
  to   space 47104K, 0% used [0x00000007fc480000,0x00000007fc480000,0x00000007ff280000)
 ParOldGen       total 290816K, used 252239K [0x00000007c0000000, 0x00000007d1c00000, 0x00000007eaa80000)
  object space 290816K, 86% used [0x00000007c0000000,0x00000007cf653e78,0x00000007d1c00000)
 PSPermGen       total 262144K, used 256469K [0x00000007b0000000, 0x00000007c0000000, 0x00000007c0000000)
  object space 262144K, 97% used [0x00000007b0000000,0x00000007bfa757e8,0x00000007c0000000)
Event: 24287.278 GC heap after
Heap after GC invocations=104 (full 26):
 PSYoungGen      total 286720K, used 14211K [0x00000007eaa80000, 0x00000007ff080000, 0x0000000800000000)
  eden space 241664K, 0% used [0x00000007eaa80000,0x00000007eaa80000,0x00000007f9680000)
  from space 45056K, 31% used [0x00000007fc480000,0x00000007fd260f78,0x00000007ff080000)
  to   space 46080K, 0% used [0x00000007f9680000,0x00000007f9680000,0x00000007fc380000)
 ParOldGen       total 290816K, used 252239K [0x00000007c0000000, 0x00000007d1c00000, 0x00000007eaa80000)
  object space 290816K, 86% used [0x00000007c0000000,0x00000007cf653e78,0x00000007d1c00000)
 PSPermGen       total 262144K, used 256469K [0x00000007b0000000, 0x00000007c0000000, 0x00000007c0000000)
  object space 262144K, 97% used [0x00000007b0000000,0x00000007bfa757e8,0x00000007c0000000)
}
Event: 24287.278 GC heap before
{Heap before GC invocations=105 (full 27):
 PSYoungGen      total 286720K, used 14211K [0x00000007eaa80000, 0x00000007ff080000, 0x0000000800000000)
  eden space 241664K, 0% used [0x00000007eaa80000,0x00000007eaa80000,0x00000007f9680000)
  from space 45056K, 31% used [0x00000007fc480000,0x00000007fd260f78,0x00000007ff080000)
  to   space 46080K, 0% used [0x00000007f9680000,0x00000007f9680000,0x00000007fc380000)
 ParOldGen       total 290816K, used 252239K [0x00000007c0000000, 0x00000007d1c00000, 0x00000007eaa80000)
  object space 290816K, 86% used [0x00000007c0000000,0x00000007cf653e78,0x00000007d1c00000)
 PSPermGen       total 262144K, used 256469K [0x00000007b0000000, 0x00000007c0000000, 0x00000007c0000000)
  object space 262144K, 97% used [0x00000007b0000000,0x00000007bfa757e8,0x00000007c0000000)
Event: 24288.632 GC heap after
Heap after GC invocations=105 (full 27):
 PSYoungGen      total 286720K, used 0K [0x00000007eaa80000, 0x00000007ff080000, 0x0000000800000000)
  eden space 241664K, 0% used [0x00000007eaa80000,0x00000007eaa80000,0x00000007f9680000)
  from space 45056K, 0% used [0x00000007fc480000,0x00000007fc480000,0x00000007ff080000)
  to   space 46080K, 0% used [0x00000007f9680000,0x00000007f9680000,0x00000007fc380000)
 ParOldGen       total 290816K, used 108592K [0x00000007c0000000, 0x00000007d1c00000, 0x00000007eaa80000)
  object space 290816K, 37% used [0x00000007c0000000,0x00000007c6a0c0d0,0x00000007d1c00000)
 PSPermGen       total 118272K, used 85637K [0x00000007b0000000, 0x00000007b7380000, 0x00000007c0000000)
  object space 118272K, 72% used [0x00000007b0000000,0x00000007b53a14a0,0x00000007b7380000)
}
Event: 24344.644 GC heap before
{Heap before GC invocations=106 (full 27):
 PSYoungGen      total 286720K, used 241664K [0x00000007eaa80000, 0x00000007ff080000, 0x0000000800000000)
  eden space 241664K, 100% used [0x00000007eaa80000,0x00000007f9680000,0x00000007f9680000)
  from space 45056K, 0% used [0x00000007fc480000,0x00000007fc480000,0x00000007ff080000)
  to   space 46080K, 0% used [0x00000007f9680000,0x00000007f9680000,0x00000007fc380000)
 ParOldGen       total 290816K, used 108592K [0x00000007c0000000, 0x00000007d1c00000, 0x00000007eaa80000)
  object space 290816K, 37% used [0x00000007c0000000,0x00000007c6a0c0d0,0x00000007d1c00000)
 PSPermGen       total 118272K, used 92509K [0x00000007b0000000, 0x00000007b7380000, 0x00000007c0000000)
  object space 118272K, 78% used [0x00000007b0000000,0x00000007b5a57518,0x00000007b7380000)
Event: 24344.687 GC heap after
Heap after GC invocations=106 (full 27):
 PSYoungGen      total 287744K, used 28466K [0x00000007eaa80000, 0x0000000800000000, 0x0000000800000000)
  eden space 241664K, 0% used [0x00000007eaa80000,0x00000007eaa80000,0x00000007f9680000)
  from space 46080K, 61% used [0x00000007f9680000,0x00000007fb24c8d8,0x00000007fc380000)
  to   space 46080K, 0% used [0x00000007fd300000,0x00000007fd300000,0x0000000800000000)
 ParOldGen       total 290816K, used 108592K [0x00000007c0000000, 0x00000007d1c00000, 0x00000007eaa80000)
  object space 290816K, 37% used [0x00000007c0000000,0x00000007c6a0c0d0,0x00000007d1c00000)
 PSPermGen       total 118272K, used 92509K [0x00000007b0000000, 0x00000007b7380000, 0x00000007c0000000)
  object space 118272K, 78% used [0x00000007b0000000,0x00000007b5a57518,0x00000007b7380000)
}
Event: 24726.042 GC heap before
{Heap before GC invocations=107 (full 27):
 PSYoungGen      total 287744K, used 270130K [0x00000007eaa80000, 0x0000000800000000, 0x0000000800000000)
  eden space 241664K, 100% used [0x00000007eaa80000,0x00000007f9680000,0x00000007f9680000)
  from space 46080K, 61% used [0x00000007f9680000,0x00000007fb24c8d8,0x00000007fc380000)
  to   space 46080K, 0% used [0x00000007fd300000,0x00000007fd300000,0x0000000800000000)
 ParOldGen       total 290816K, used 108592K [0x00000007c0000000, 0x00000007d1c00000, 0x00000007eaa80000)
  object space 290816K, 37% used [0x00000007c0000000,0x00000007c6a0c0d0,0x00000007d1c00000)
 PSPermGen       total 118272K, used 99366K [0x00000007b0000000, 0x00000007b7380000, 0x00000007c0000000)
  object space 118272K, 84% used [0x00000007b0000000,0x00000007b6109b50,0x00000007b7380000)
Event: 24726.118 GC heap after
Heap after GC invocations=107 (full 27):
 PSYoungGen      total 293376K, used 42147K [0x00000007eaa80000, 0x0000000800000000, 0x0000000800000000)
  eden space 247296K, 0% used [0x00000007eaa80000,0x00000007eaa80000,0x00000007f9c00000)
  from space 46080K, 91% used [0x00000007fd300000,0x00000007ffc28c48,0x0000000800000000)
  to   space 51200K, 0% used [0x00000007f9c00000,0x00000007f9c00000,0x00000007fce00000)
 ParOldGen       total 290816K, used 108592K [0x00000007c0000000, 0x00000007d1c00000, 0x00000007eaa80000)
  object space 290816K, 37% used [0x00000007c0000000,0x00000007c6a0c0d0,0x00000007d1c00000)
 PSPermGen       total 118272K, used 99366K [0x00000007b0000000, 0x00000007b7380000, 0x00000007c0000000)
  object space 118272K, 84% used [0x00000007b0000000,0x00000007b6109b50,0x00000007b7380000)
}

